2023-05-16 06:21:02,938 - root - INFO - TrajGRU: Initialize Grid Using Zeros!
2023-05-16 06:21:02,938 - root - INFO - TrajGRU: Initialize Grid Using Zeros!
2023-05-16 06:21:02,939 - root - INFO - TrajGRU: Initialize Grid Using Zeros!
2023-05-16 06:21:02,939 - root - INFO - TrajGRU: Initialize Grid Using Zeros!
2023-05-16 06:21:02,940 - root - INFO - TrajGRU: Initialize Grid Using Zeros!
2023-05-16 06:21:02,940 - root - INFO - TrajGRU: Initialize Grid Using Zeros!
2023-05-16 06:21:02,941 - root - INFO - TrajGRU: Initialize Grid Using Zeros!
2023-05-16 06:21:02,941 - root - INFO - TrajGRU: Initialize Grid Using Zeros!
2023-05-16 06:21:02,941 - root - INFO - TrajGRU: Initialize Grid Using Zeros!
2023-05-16 06:21:07,572 - root - INFO - Summary of encoder_net
2023-05-16 06:21:07,572 - root - INFO - Data:
2023-05-16 06:21:07,573 - root - INFO -    data: (5, 4, 1, 480, 480), 4608000
2023-05-16 06:21:07,573 - root - INFO -    ebrnn1_begin_state_h: (4, 64, 96, 96), 2359296
2023-05-16 06:21:07,573 - root - INFO -    ebrnn2_begin_state_h: (4, 192, 32, 32), 786432
2023-05-16 06:21:07,573 - root - INFO -    ebrnn3_begin_state_h: (4, 192, 16, 16), 196608
2023-05-16 06:21:07,573 - root - INFO - State: None
2023-05-16 06:21:07,573 - root - INFO - Params:
2023-05-16 06:21:07,573 - root - INFO -    econv1_weight: (8, 4, 7, 7), 1568, req = write
2023-05-16 06:21:07,574 - root - INFO -    econv1_bias: (8,), 8, req = write
2023-05-16 06:21:07,574 - root - INFO -    ebrnn1_0_i2h_weight: (192, 8, 3, 3), 13824, req = write
2023-05-16 06:21:07,574 - root - INFO -    ebrnn1_0_i2h_bias: (192,), 192, req = write
2023-05-16 06:21:07,574 - root - INFO -    ebrnn1_0_i2f_conv1_weight: (32, 8, 5, 5), 6400, req = write
2023-05-16 06:21:07,575 - root - INFO -    ebrnn1_0_i2f_conv1_bias: (32,), 32, req = write
2023-05-16 06:21:07,575 - root - INFO -    ebrnn1_0_h2f_conv1_weight: (32, 64, 5, 5), 51200, req = write
2023-05-16 06:21:07,575 - root - INFO -    ebrnn1_0_h2f_conv1_bias: (32,), 32, req = write
2023-05-16 06:21:07,575 - root - INFO -    ebrnn1_0_f_out_weight: (26, 32, 5, 5), 20800, req = write
2023-05-16 06:21:07,576 - root - INFO -    ebrnn1_0_f_out_bias: (26,), 26, req = write
2023-05-16 06:21:07,576 - root - INFO -    ebrnn1_0_h2h_weight: (192, 832, 1, 1), 159744, req = write
2023-05-16 06:21:07,576 - root - INFO -    ebrnn1_0_h2h_bias: (192,), 192, req = write
2023-05-16 06:21:07,576 - root - INFO -    edown1_conv_weight: (192, 64, 5, 5), 307200, req = write
2023-05-16 06:21:07,577 - root - INFO -    edown1_conv_bias: (192,), 192, req = write
2023-05-16 06:21:07,577 - root - INFO -    ebrnn2_0_i2h_weight: (576, 192, 3, 3), 995328, req = write
2023-05-16 06:21:07,577 - root - INFO -    ebrnn2_0_i2h_bias: (576,), 576, req = write
2023-05-16 06:21:07,577 - root - INFO -    ebrnn2_0_i2f_conv1_weight: (32, 192, 5, 5), 153600, req = write
2023-05-16 06:21:07,578 - root - INFO -    ebrnn2_0_i2f_conv1_bias: (32,), 32, req = write
2023-05-16 06:21:07,578 - root - INFO -    ebrnn2_0_h2f_conv1_weight: (32, 192, 5, 5), 153600, req = write
2023-05-16 06:21:07,578 - root - INFO -    ebrnn2_0_h2f_conv1_bias: (32,), 32, req = write
2023-05-16 06:21:07,578 - root - INFO -    ebrnn2_0_f_out_weight: (26, 32, 5, 5), 20800, req = write
2023-05-16 06:21:07,579 - root - INFO -    ebrnn2_0_f_out_bias: (26,), 26, req = write
2023-05-16 06:21:07,579 - root - INFO -    ebrnn2_0_h2h_weight: (576, 2496, 1, 1), 1437696, req = write
2023-05-16 06:21:07,579 - root - INFO -    ebrnn2_0_h2h_bias: (576,), 576, req = write
2023-05-16 06:21:07,579 - root - INFO -    edown2_conv_weight: (192, 192, 3, 3), 331776, req = write
2023-05-16 06:21:07,579 - root - INFO -    edown2_conv_bias: (192,), 192, req = write
2023-05-16 06:21:07,580 - root - INFO -    ebrnn3_0_i2h_weight: (576, 192, 3, 3), 995328, req = write
2023-05-16 06:21:07,580 - root - INFO -    ebrnn3_0_i2h_bias: (576,), 576, req = write
2023-05-16 06:21:07,580 - root - INFO -    ebrnn3_0_i2f_conv1_weight: (32, 192, 5, 5), 153600, req = write
2023-05-16 06:21:07,580 - root - INFO -    ebrnn3_0_i2f_conv1_bias: (32,), 32, req = write
2023-05-16 06:21:07,581 - root - INFO -    ebrnn3_0_h2f_conv1_weight: (32, 192, 5, 5), 153600, req = write
2023-05-16 06:21:07,581 - root - INFO -    ebrnn3_0_h2f_conv1_bias: (32,), 32, req = write
2023-05-16 06:21:07,581 - root - INFO -    ebrnn3_0_f_out_weight: (18, 32, 5, 5), 14400, req = write
2023-05-16 06:21:07,581 - root - INFO -    ebrnn3_0_f_out_bias: (18,), 18, req = write
2023-05-16 06:21:07,582 - root - INFO -    ebrnn3_0_h2h_weight: (576, 1728, 1, 1), 995328, req = write
2023-05-16 06:21:07,582 - root - INFO -    ebrnn3_0_h2h_bias: (576,), 576, req = write
2023-05-16 06:21:07,582 - root - INFO - Aux States: None
2023-05-16 06:21:07,582 - root - INFO - Total Param Num (exclude fixed ones): 5969134
2023-05-16 06:21:07,582 - root - INFO - Total Fixed Param Num: 0
2023-05-16 06:21:07,582 - root - INFO - Total Aux Param Num: 0
2023-05-16 06:21:07,583 - root - INFO - Summary of forecaster_net
2023-05-16 06:21:07,583 - root - INFO - Data:
2023-05-16 06:21:07,583 - root - INFO -    fbrnn1_begin_state_h: (4, 64, 96, 96), 2359296
2023-05-16 06:21:07,583 - root - INFO -    fbrnn2_begin_state_h: (4, 192, 32, 32), 786432
2023-05-16 06:21:07,583 - root - INFO -    fbrnn3_begin_state_h: (4, 192, 16, 16), 196608
2023-05-16 06:21:07,583 - root - INFO - State: None
2023-05-16 06:21:07,584 - root - INFO - Params:
2023-05-16 06:21:07,584 - root - INFO -    fbrnn3_0_h2f_conv1_weight: (32, 192, 5, 5), 153600, req = write
2023-05-16 06:21:07,584 - root - INFO -    fbrnn3_0_h2f_conv1_bias: (32,), 32, req = write
2023-05-16 06:21:07,584 - root - INFO -    fbrnn3_0_f_out_weight: (18, 32, 5, 5), 14400, req = write
2023-05-16 06:21:07,584 - root - INFO -    fbrnn3_0_f_out_bias: (18,), 18, req = write
2023-05-16 06:21:07,584 - root - INFO -    fbrnn3_0_h2h_weight: (576, 1728, 1, 1), 995328, req = write
2023-05-16 06:21:07,585 - root - INFO -    fbrnn3_0_h2h_bias: (576,), 576, req = write
2023-05-16 06:21:07,585 - root - INFO -    fup2_deconv_weight: (192, 192, 4, 4), 589824, req = write
2023-05-16 06:21:07,585 - root - INFO -    fbrnn2_0_i2h_weight: (576, 192, 3, 3), 995328, req = write
2023-05-16 06:21:07,585 - root - INFO -    fbrnn2_0_i2h_bias: (576,), 576, req = write
2023-05-16 06:21:07,585 - root - INFO -    fbrnn2_0_i2f_conv1_weight: (32, 192, 5, 5), 153600, req = write
2023-05-16 06:21:07,585 - root - INFO -    fbrnn2_0_i2f_conv1_bias: (32,), 32, req = write
2023-05-16 06:21:07,585 - root - INFO -    fbrnn2_0_h2f_conv1_weight: (32, 192, 5, 5), 153600, req = write
2023-05-16 06:21:07,586 - root - INFO -    fbrnn2_0_h2f_conv1_bias: (32,), 32, req = write
2023-05-16 06:21:07,586 - root - INFO -    fbrnn2_0_f_out_weight: (26, 32, 5, 5), 20800, req = write
2023-05-16 06:21:07,586 - root - INFO -    fbrnn2_0_f_out_bias: (26,), 26, req = write
2023-05-16 06:21:07,586 - root - INFO -    fbrnn2_0_h2h_weight: (576, 2496, 1, 1), 1437696, req = write
2023-05-16 06:21:07,586 - root - INFO -    fbrnn2_0_h2h_bias: (576,), 576, req = write
2023-05-16 06:21:07,586 - root - INFO -    fup1_deconv_weight: (192, 192, 5, 5), 921600, req = write
2023-05-16 06:21:07,587 - root - INFO -    fbrnn1_0_i2h_weight: (192, 192, 3, 3), 331776, req = write
2023-05-16 06:21:07,587 - root - INFO -    fbrnn1_0_i2h_bias: (192,), 192, req = write
2023-05-16 06:21:07,587 - root - INFO -    fbrnn1_0_i2f_conv1_weight: (32, 192, 5, 5), 153600, req = write
2023-05-16 06:21:07,587 - root - INFO -    fbrnn1_0_i2f_conv1_bias: (32,), 32, req = write
2023-05-16 06:21:07,588 - root - INFO -    fbrnn1_0_h2f_conv1_weight: (32, 64, 5, 5), 51200, req = write
2023-05-16 06:21:07,588 - root - INFO -    fbrnn1_0_h2f_conv1_bias: (32,), 32, req = write
2023-05-16 06:21:07,588 - root - INFO -    fbrnn1_0_f_out_weight: (26, 32, 5, 5), 20800, req = write
2023-05-16 06:21:07,588 - root - INFO -    fbrnn1_0_f_out_bias: (26,), 26, req = write
2023-05-16 06:21:07,589 - root - INFO -    fbrnn1_0_h2h_weight: (192, 832, 1, 1), 159744, req = write
2023-05-16 06:21:07,589 - root - INFO -    fbrnn1_0_h2h_bias: (192,), 192, req = write
2023-05-16 06:21:07,589 - root - INFO -    fdeconv1_weight: (64, 8, 7, 7), 25088, req = write
2023-05-16 06:21:07,589 - root - INFO -    conv_final_weight: (8, 8, 3, 3), 576, req = write
2023-05-16 06:21:07,589 - root - INFO -    conv_final_bias: (8,), 8, req = write
2023-05-16 06:21:07,589 - root - INFO -    out_weight: (1, 8, 1, 1), 8, req = write
2023-05-16 06:21:07,590 - root - INFO -    out_bias: (1,), 1, req = write
2023-05-16 06:21:07,590 - root - INFO - Aux States: None
2023-05-16 06:21:07,590 - root - INFO - Total Param Num (exclude fixed ones): 6180919
2023-05-16 06:21:07,590 - root - INFO - Total Fixed Param Num: 0
2023-05-16 06:21:07,590 - root - INFO - Total Aux Param Num: 0
2023-05-16 06:21:07,590 - root - INFO - Summary of loss_net
2023-05-16 06:21:07,591 - root - INFO - Data:
2023-05-16 06:21:07,591 - root - INFO -    pred: (20, 4, 1, 480, 480), 18432000
2023-05-16 06:21:07,591 - root - INFO - State: None
2023-05-16 06:21:07,591 - root - INFO - Param: None
2023-05-16 06:21:07,591 - root - INFO - Aux States: None
2023-05-16 06:21:07,591 - root - INFO - Total Param Num (exclude fixed ones): 0
2023-05-16 06:21:07,591 - root - INFO - Total Fixed Param Num: 0
2023-05-16 06:21:07,592 - root - INFO - Total Aux Param Num: 0
2023-05-16 06:21:07,592 - root - INFO - Loading parameters from /home/ubuntu/home/TAASRAD19/deep_learning_nowcasting/pretrained_model, Iter = 99999
2023-05-16 06:21:07,968 - root - INFO - Loading Complete!
2023-05-16 06:22:05,879 - root - INFO - TrajGRU: Initialize Grid Using Zeros!
2023-05-16 06:22:05,880 - root - INFO - TrajGRU: Initialize Grid Using Zeros!
2023-05-16 06:22:05,880 - root - INFO - TrajGRU: Initialize Grid Using Zeros!
2023-05-16 06:22:05,881 - root - INFO - TrajGRU: Initialize Grid Using Zeros!
2023-05-16 06:22:05,881 - root - INFO - TrajGRU: Initialize Grid Using Zeros!
2023-05-16 06:22:05,882 - root - INFO - TrajGRU: Initialize Grid Using Zeros!
2023-05-16 06:22:05,882 - root - INFO - TrajGRU: Initialize Grid Using Zeros!
2023-05-16 06:22:05,883 - root - INFO - TrajGRU: Initialize Grid Using Zeros!
2023-05-16 06:22:05,883 - root - INFO - TrajGRU: Initialize Grid Using Zeros!
2023-05-16 06:22:08,037 - root - INFO - Summary of encoder_net
2023-05-16 06:22:08,038 - root - INFO - Data:
2023-05-16 06:22:08,038 - root - INFO -    data: (5, 4, 1, 480, 480), 4608000
2023-05-16 06:22:08,038 - root - INFO -    ebrnn1_begin_state_h: (4, 64, 96, 96), 2359296
2023-05-16 06:22:08,038 - root - INFO -    ebrnn2_begin_state_h: (4, 192, 32, 32), 786432
2023-05-16 06:22:08,038 - root - INFO -    ebrnn3_begin_state_h: (4, 192, 16, 16), 196608
2023-05-16 06:22:08,039 - root - INFO - State: None
2023-05-16 06:22:08,039 - root - INFO - Params:
2023-05-16 06:22:08,039 - root - INFO -    econv1_weight: (8, 4, 7, 7), 1568, req = write
2023-05-16 06:22:08,039 - root - INFO -    econv1_bias: (8,), 8, req = write
2023-05-16 06:22:08,039 - root - INFO -    ebrnn1_0_i2h_weight: (192, 8, 3, 3), 13824, req = write
2023-05-16 06:22:08,040 - root - INFO -    ebrnn1_0_i2h_bias: (192,), 192, req = write
2023-05-16 06:22:08,040 - root - INFO -    ebrnn1_0_i2f_conv1_weight: (32, 8, 5, 5), 6400, req = write
2023-05-16 06:22:08,040 - root - INFO -    ebrnn1_0_i2f_conv1_bias: (32,), 32, req = write
2023-05-16 06:22:08,040 - root - INFO -    ebrnn1_0_h2f_conv1_weight: (32, 64, 5, 5), 51200, req = write
2023-05-16 06:22:08,041 - root - INFO -    ebrnn1_0_h2f_conv1_bias: (32,), 32, req = write
2023-05-16 06:22:08,041 - root - INFO -    ebrnn1_0_f_out_weight: (26, 32, 5, 5), 20800, req = write
2023-05-16 06:22:08,041 - root - INFO -    ebrnn1_0_f_out_bias: (26,), 26, req = write
2023-05-16 06:22:08,041 - root - INFO -    ebrnn1_0_h2h_weight: (192, 832, 1, 1), 159744, req = write
2023-05-16 06:22:08,042 - root - INFO -    ebrnn1_0_h2h_bias: (192,), 192, req = write
2023-05-16 06:22:08,042 - root - INFO -    edown1_conv_weight: (192, 64, 5, 5), 307200, req = write
2023-05-16 06:22:08,042 - root - INFO -    edown1_conv_bias: (192,), 192, req = write
2023-05-16 06:22:08,042 - root - INFO -    ebrnn2_0_i2h_weight: (576, 192, 3, 3), 995328, req = write
2023-05-16 06:22:08,043 - root - INFO -    ebrnn2_0_i2h_bias: (576,), 576, req = write
2023-05-16 06:22:08,043 - root - INFO -    ebrnn2_0_i2f_conv1_weight: (32, 192, 5, 5), 153600, req = write
2023-05-16 06:22:08,043 - root - INFO -    ebrnn2_0_i2f_conv1_bias: (32,), 32, req = write
2023-05-16 06:22:08,043 - root - INFO -    ebrnn2_0_h2f_conv1_weight: (32, 192, 5, 5), 153600, req = write
2023-05-16 06:22:08,044 - root - INFO -    ebrnn2_0_h2f_conv1_bias: (32,), 32, req = write
2023-05-16 06:22:08,044 - root - INFO -    ebrnn2_0_f_out_weight: (26, 32, 5, 5), 20800, req = write
2023-05-16 06:22:08,044 - root - INFO -    ebrnn2_0_f_out_bias: (26,), 26, req = write
2023-05-16 06:22:08,044 - root - INFO -    ebrnn2_0_h2h_weight: (576, 2496, 1, 1), 1437696, req = write
2023-05-16 06:22:08,044 - root - INFO -    ebrnn2_0_h2h_bias: (576,), 576, req = write
2023-05-16 06:22:08,045 - root - INFO -    edown2_conv_weight: (192, 192, 3, 3), 331776, req = write
2023-05-16 06:22:08,045 - root - INFO -    edown2_conv_bias: (192,), 192, req = write
2023-05-16 06:22:08,045 - root - INFO -    ebrnn3_0_i2h_weight: (576, 192, 3, 3), 995328, req = write
2023-05-16 06:22:08,045 - root - INFO -    ebrnn3_0_i2h_bias: (576,), 576, req = write
2023-05-16 06:22:08,046 - root - INFO -    ebrnn3_0_i2f_conv1_weight: (32, 192, 5, 5), 153600, req = write
2023-05-16 06:22:08,046 - root - INFO -    ebrnn3_0_i2f_conv1_bias: (32,), 32, req = write
2023-05-16 06:22:08,046 - root - INFO -    ebrnn3_0_h2f_conv1_weight: (32, 192, 5, 5), 153600, req = write
2023-05-16 06:22:08,046 - root - INFO -    ebrnn3_0_h2f_conv1_bias: (32,), 32, req = write
2023-05-16 06:22:08,047 - root - INFO -    ebrnn3_0_f_out_weight: (18, 32, 5, 5), 14400, req = write
2023-05-16 06:22:08,047 - root - INFO -    ebrnn3_0_f_out_bias: (18,), 18, req = write
2023-05-16 06:22:08,047 - root - INFO -    ebrnn3_0_h2h_weight: (576, 1728, 1, 1), 995328, req = write
2023-05-16 06:22:08,047 - root - INFO -    ebrnn3_0_h2h_bias: (576,), 576, req = write
2023-05-16 06:22:08,047 - root - INFO - Aux States: None
2023-05-16 06:22:08,048 - root - INFO - Total Param Num (exclude fixed ones): 5969134
2023-05-16 06:22:08,048 - root - INFO - Total Fixed Param Num: 0
2023-05-16 06:22:08,048 - root - INFO - Total Aux Param Num: 0
2023-05-16 06:22:08,048 - root - INFO - Summary of forecaster_net
2023-05-16 06:22:08,048 - root - INFO - Data:
2023-05-16 06:22:08,048 - root - INFO -    fbrnn1_begin_state_h: (4, 64, 96, 96), 2359296
2023-05-16 06:22:08,048 - root - INFO -    fbrnn2_begin_state_h: (4, 192, 32, 32), 786432
2023-05-16 06:22:08,049 - root - INFO -    fbrnn3_begin_state_h: (4, 192, 16, 16), 196608
2023-05-16 06:22:08,049 - root - INFO - State: None
2023-05-16 06:22:08,049 - root - INFO - Params:
2023-05-16 06:22:08,049 - root - INFO -    fbrnn3_0_h2f_conv1_weight: (32, 192, 5, 5), 153600, req = write
2023-05-16 06:22:08,049 - root - INFO -    fbrnn3_0_h2f_conv1_bias: (32,), 32, req = write
2023-05-16 06:22:08,050 - root - INFO -    fbrnn3_0_f_out_weight: (18, 32, 5, 5), 14400, req = write
2023-05-16 06:22:08,050 - root - INFO -    fbrnn3_0_f_out_bias: (18,), 18, req = write
2023-05-16 06:22:08,050 - root - INFO -    fbrnn3_0_h2h_weight: (576, 1728, 1, 1), 995328, req = write
2023-05-16 06:22:08,050 - root - INFO -    fbrnn3_0_h2h_bias: (576,), 576, req = write
2023-05-16 06:22:08,050 - root - INFO -    fup2_deconv_weight: (192, 192, 4, 4), 589824, req = write
2023-05-16 06:22:08,051 - root - INFO -    fbrnn2_0_i2h_weight: (576, 192, 3, 3), 995328, req = write
2023-05-16 06:22:08,051 - root - INFO -    fbrnn2_0_i2h_bias: (576,), 576, req = write
2023-05-16 06:22:08,051 - root - INFO -    fbrnn2_0_i2f_conv1_weight: (32, 192, 5, 5), 153600, req = write
2023-05-16 06:22:08,051 - root - INFO -    fbrnn2_0_i2f_conv1_bias: (32,), 32, req = write
2023-05-16 06:22:08,052 - root - INFO -    fbrnn2_0_h2f_conv1_weight: (32, 192, 5, 5), 153600, req = write
2023-05-16 06:22:08,052 - root - INFO -    fbrnn2_0_h2f_conv1_bias: (32,), 32, req = write
2023-05-16 06:22:08,052 - root - INFO -    fbrnn2_0_f_out_weight: (26, 32, 5, 5), 20800, req = write
2023-05-16 06:22:08,052 - root - INFO -    fbrnn2_0_f_out_bias: (26,), 26, req = write
2023-05-16 06:22:08,053 - root - INFO -    fbrnn2_0_h2h_weight: (576, 2496, 1, 1), 1437696, req = write
2023-05-16 06:22:08,053 - root - INFO -    fbrnn2_0_h2h_bias: (576,), 576, req = write
2023-05-16 06:22:08,053 - root - INFO -    fup1_deconv_weight: (192, 192, 5, 5), 921600, req = write
2023-05-16 06:22:08,053 - root - INFO -    fbrnn1_0_i2h_weight: (192, 192, 3, 3), 331776, req = write
2023-05-16 06:22:08,053 - root - INFO -    fbrnn1_0_i2h_bias: (192,), 192, req = write
2023-05-16 06:22:08,054 - root - INFO -    fbrnn1_0_i2f_conv1_weight: (32, 192, 5, 5), 153600, req = write
2023-05-16 06:22:08,054 - root - INFO -    fbrnn1_0_i2f_conv1_bias: (32,), 32, req = write
2023-05-16 06:22:08,054 - root - INFO -    fbrnn1_0_h2f_conv1_weight: (32, 64, 5, 5), 51200, req = write
2023-05-16 06:22:08,054 - root - INFO -    fbrnn1_0_h2f_conv1_bias: (32,), 32, req = write
2023-05-16 06:22:08,055 - root - INFO -    fbrnn1_0_f_out_weight: (26, 32, 5, 5), 20800, req = write
2023-05-16 06:22:08,055 - root - INFO -    fbrnn1_0_f_out_bias: (26,), 26, req = write
2023-05-16 06:22:08,055 - root - INFO -    fbrnn1_0_h2h_weight: (192, 832, 1, 1), 159744, req = write
2023-05-16 06:22:08,055 - root - INFO -    fbrnn1_0_h2h_bias: (192,), 192, req = write
2023-05-16 06:22:08,056 - root - INFO -    fdeconv1_weight: (64, 8, 7, 7), 25088, req = write
2023-05-16 06:22:08,056 - root - INFO -    conv_final_weight: (8, 8, 3, 3), 576, req = write
2023-05-16 06:22:08,056 - root - INFO -    conv_final_bias: (8,), 8, req = write
2023-05-16 06:22:08,056 - root - INFO -    out_weight: (1, 8, 1, 1), 8, req = write
2023-05-16 06:22:08,056 - root - INFO -    out_bias: (1,), 1, req = write
2023-05-16 06:22:08,057 - root - INFO - Aux States: None
2023-05-16 06:22:08,057 - root - INFO - Total Param Num (exclude fixed ones): 6180919
2023-05-16 06:22:08,057 - root - INFO - Total Fixed Param Num: 0
2023-05-16 06:22:08,057 - root - INFO - Total Aux Param Num: 0
2023-05-16 06:22:08,057 - root - INFO - Summary of loss_net
2023-05-16 06:22:08,057 - root - INFO - Data:
2023-05-16 06:22:08,057 - root - INFO -    pred: (20, 4, 1, 480, 480), 18432000
2023-05-16 06:22:08,058 - root - INFO - State: None
2023-05-16 06:22:08,058 - root - INFO - Param: None
2023-05-16 06:22:08,058 - root - INFO - Aux States: None
2023-05-16 06:22:08,058 - root - INFO - Total Param Num (exclude fixed ones): 0
2023-05-16 06:22:08,058 - root - INFO - Total Fixed Param Num: 0
2023-05-16 06:22:08,058 - root - INFO - Total Aux Param Num: 0
2023-05-16 06:22:08,058 - root - INFO - Loading parameters from /home/ubuntu/home/TAASRAD19/deep_learning_nowcasting/pretrained_model, Iter = 99999
2023-05-16 06:22:08,111 - root - INFO - Loading Complete!
2023-05-16 06:25:41,913 - root - INFO - TrajGRU: Initialize Grid Using Zeros!
2023-05-16 06:25:41,914 - root - INFO - TrajGRU: Initialize Grid Using Zeros!
2023-05-16 06:25:41,914 - root - INFO - TrajGRU: Initialize Grid Using Zeros!
2023-05-16 06:25:41,915 - root - INFO - TrajGRU: Initialize Grid Using Zeros!
2023-05-16 06:25:41,915 - root - INFO - TrajGRU: Initialize Grid Using Zeros!
2023-05-16 06:25:41,916 - root - INFO - TrajGRU: Initialize Grid Using Zeros!
2023-05-16 06:25:41,916 - root - INFO - TrajGRU: Initialize Grid Using Zeros!
2023-05-16 06:25:41,917 - root - INFO - TrajGRU: Initialize Grid Using Zeros!
2023-05-16 06:25:41,917 - root - INFO - TrajGRU: Initialize Grid Using Zeros!
2023-05-16 06:25:42,296 - root - INFO - Summary of encoder_net
2023-05-16 06:25:42,297 - root - INFO - Data:
2023-05-16 06:25:42,297 - root - INFO -    data: (5, 4, 1, 480, 480), 4608000
2023-05-16 06:25:42,297 - root - INFO -    ebrnn1_begin_state_h: (4, 64, 96, 96), 2359296
2023-05-16 06:25:42,297 - root - INFO -    ebrnn2_begin_state_h: (4, 192, 32, 32), 786432
2023-05-16 06:25:42,297 - root - INFO -    ebrnn3_begin_state_h: (4, 192, 16, 16), 196608
2023-05-16 06:25:42,297 - root - INFO - State: None
2023-05-16 06:25:42,298 - root - INFO - Params:
2023-05-16 06:25:42,298 - root - INFO -    econv1_weight: (8, 4, 7, 7), 1568, req = write
2023-05-16 06:25:42,298 - root - INFO -    econv1_bias: (8,), 8, req = write
2023-05-16 06:25:42,298 - root - INFO -    ebrnn1_0_i2h_weight: (192, 8, 3, 3), 13824, req = write
2023-05-16 06:25:42,299 - root - INFO -    ebrnn1_0_i2h_bias: (192,), 192, req = write
2023-05-16 06:25:42,299 - root - INFO -    ebrnn1_0_i2f_conv1_weight: (32, 8, 5, 5), 6400, req = write
2023-05-16 06:25:42,299 - root - INFO -    ebrnn1_0_i2f_conv1_bias: (32,), 32, req = write
2023-05-16 06:25:42,299 - root - INFO -    ebrnn1_0_h2f_conv1_weight: (32, 64, 5, 5), 51200, req = write
2023-05-16 06:25:42,300 - root - INFO -    ebrnn1_0_h2f_conv1_bias: (32,), 32, req = write
2023-05-16 06:25:42,300 - root - INFO -    ebrnn1_0_f_out_weight: (26, 32, 5, 5), 20800, req = write
2023-05-16 06:25:42,300 - root - INFO -    ebrnn1_0_f_out_bias: (26,), 26, req = write
2023-05-16 06:25:42,301 - root - INFO -    ebrnn1_0_h2h_weight: (192, 832, 1, 1), 159744, req = write
2023-05-16 06:25:42,301 - root - INFO -    ebrnn1_0_h2h_bias: (192,), 192, req = write
2023-05-16 06:25:42,301 - root - INFO -    edown1_conv_weight: (192, 64, 5, 5), 307200, req = write
2023-05-16 06:25:42,301 - root - INFO -    edown1_conv_bias: (192,), 192, req = write
2023-05-16 06:25:42,302 - root - INFO -    ebrnn2_0_i2h_weight: (576, 192, 3, 3), 995328, req = write
2023-05-16 06:25:42,302 - root - INFO -    ebrnn2_0_i2h_bias: (576,), 576, req = write
2023-05-16 06:25:42,302 - root - INFO -    ebrnn2_0_i2f_conv1_weight: (32, 192, 5, 5), 153600, req = write
2023-05-16 06:25:42,302 - root - INFO -    ebrnn2_0_i2f_conv1_bias: (32,), 32, req = write
2023-05-16 06:25:42,303 - root - INFO -    ebrnn2_0_h2f_conv1_weight: (32, 192, 5, 5), 153600, req = write
2023-05-16 06:25:42,303 - root - INFO -    ebrnn2_0_h2f_conv1_bias: (32,), 32, req = write
2023-05-16 06:25:42,303 - root - INFO -    ebrnn2_0_f_out_weight: (26, 32, 5, 5), 20800, req = write
2023-05-16 06:25:42,303 - root - INFO -    ebrnn2_0_f_out_bias: (26,), 26, req = write
2023-05-16 06:25:42,304 - root - INFO -    ebrnn2_0_h2h_weight: (576, 2496, 1, 1), 1437696, req = write
2023-05-16 06:25:42,304 - root - INFO -    ebrnn2_0_h2h_bias: (576,), 576, req = write
2023-05-16 06:25:42,304 - root - INFO -    edown2_conv_weight: (192, 192, 3, 3), 331776, req = write
2023-05-16 06:25:42,304 - root - INFO -    edown2_conv_bias: (192,), 192, req = write
2023-05-16 06:25:42,305 - root - INFO -    ebrnn3_0_i2h_weight: (576, 192, 3, 3), 995328, req = write
2023-05-16 06:25:42,305 - root - INFO -    ebrnn3_0_i2h_bias: (576,), 576, req = write
2023-05-16 06:25:42,305 - root - INFO -    ebrnn3_0_i2f_conv1_weight: (32, 192, 5, 5), 153600, req = write
2023-05-16 06:25:42,305 - root - INFO -    ebrnn3_0_i2f_conv1_bias: (32,), 32, req = write
2023-05-16 06:25:42,306 - root - INFO -    ebrnn3_0_h2f_conv1_weight: (32, 192, 5, 5), 153600, req = write
2023-05-16 06:25:42,306 - root - INFO -    ebrnn3_0_h2f_conv1_bias: (32,), 32, req = write
2023-05-16 06:25:42,306 - root - INFO -    ebrnn3_0_f_out_weight: (18, 32, 5, 5), 14400, req = write
2023-05-16 06:25:42,306 - root - INFO -    ebrnn3_0_f_out_bias: (18,), 18, req = write
2023-05-16 06:25:42,307 - root - INFO -    ebrnn3_0_h2h_weight: (576, 1728, 1, 1), 995328, req = write
2023-05-16 06:25:42,307 - root - INFO -    ebrnn3_0_h2h_bias: (576,), 576, req = write
2023-05-16 06:25:42,307 - root - INFO - Aux States: None
2023-05-16 06:25:42,307 - root - INFO - Total Param Num (exclude fixed ones): 5969134
2023-05-16 06:25:42,307 - root - INFO - Total Fixed Param Num: 0
2023-05-16 06:25:42,307 - root - INFO - Total Aux Param Num: 0
2023-05-16 06:25:42,308 - root - INFO - Summary of forecaster_net
2023-05-16 06:25:42,308 - root - INFO - Data:
2023-05-16 06:25:42,308 - root - INFO -    fbrnn1_begin_state_h: (4, 64, 96, 96), 2359296
2023-05-16 06:25:42,308 - root - INFO -    fbrnn2_begin_state_h: (4, 192, 32, 32), 786432
2023-05-16 06:25:42,308 - root - INFO -    fbrnn3_begin_state_h: (4, 192, 16, 16), 196608
2023-05-16 06:25:42,308 - root - INFO - State: None
2023-05-16 06:25:42,309 - root - INFO - Params:
2023-05-16 06:25:42,309 - root - INFO -    fbrnn3_0_h2f_conv1_weight: (32, 192, 5, 5), 153600, req = write
2023-05-16 06:25:42,309 - root - INFO -    fbrnn3_0_h2f_conv1_bias: (32,), 32, req = write
2023-05-16 06:25:42,309 - root - INFO -    fbrnn3_0_f_out_weight: (18, 32, 5, 5), 14400, req = write
2023-05-16 06:25:42,309 - root - INFO -    fbrnn3_0_f_out_bias: (18,), 18, req = write
2023-05-16 06:25:42,310 - root - INFO -    fbrnn3_0_h2h_weight: (576, 1728, 1, 1), 995328, req = write
2023-05-16 06:25:42,310 - root - INFO -    fbrnn3_0_h2h_bias: (576,), 576, req = write
2023-05-16 06:25:42,310 - root - INFO -    fup2_deconv_weight: (192, 192, 4, 4), 589824, req = write
2023-05-16 06:25:42,310 - root - INFO -    fbrnn2_0_i2h_weight: (576, 192, 3, 3), 995328, req = write
2023-05-16 06:25:42,311 - root - INFO -    fbrnn2_0_i2h_bias: (576,), 576, req = write
2023-05-16 06:25:42,311 - root - INFO -    fbrnn2_0_i2f_conv1_weight: (32, 192, 5, 5), 153600, req = write
2023-05-16 06:25:42,311 - root - INFO -    fbrnn2_0_i2f_conv1_bias: (32,), 32, req = write
2023-05-16 06:25:42,311 - root - INFO -    fbrnn2_0_h2f_conv1_weight: (32, 192, 5, 5), 153600, req = write
2023-05-16 06:25:42,312 - root - INFO -    fbrnn2_0_h2f_conv1_bias: (32,), 32, req = write
2023-05-16 06:25:42,312 - root - INFO -    fbrnn2_0_f_out_weight: (26, 32, 5, 5), 20800, req = write
2023-05-16 06:25:42,312 - root - INFO -    fbrnn2_0_f_out_bias: (26,), 26, req = write
2023-05-16 06:25:42,312 - root - INFO -    fbrnn2_0_h2h_weight: (576, 2496, 1, 1), 1437696, req = write
2023-05-16 06:25:42,313 - root - INFO -    fbrnn2_0_h2h_bias: (576,), 576, req = write
2023-05-16 06:25:42,313 - root - INFO -    fup1_deconv_weight: (192, 192, 5, 5), 921600, req = write
2023-05-16 06:25:42,313 - root - INFO -    fbrnn1_0_i2h_weight: (192, 192, 3, 3), 331776, req = write
2023-05-16 06:25:42,313 - root - INFO -    fbrnn1_0_i2h_bias: (192,), 192, req = write
2023-05-16 06:25:42,313 - root - INFO -    fbrnn1_0_i2f_conv1_weight: (32, 192, 5, 5), 153600, req = write
2023-05-16 06:25:42,314 - root - INFO -    fbrnn1_0_i2f_conv1_bias: (32,), 32, req = write
2023-05-16 06:25:42,314 - root - INFO -    fbrnn1_0_h2f_conv1_weight: (32, 64, 5, 5), 51200, req = write
2023-05-16 06:25:42,314 - root - INFO -    fbrnn1_0_h2f_conv1_bias: (32,), 32, req = write
2023-05-16 06:25:42,314 - root - INFO -    fbrnn1_0_f_out_weight: (26, 32, 5, 5), 20800, req = write
2023-05-16 06:25:42,315 - root - INFO -    fbrnn1_0_f_out_bias: (26,), 26, req = write
2023-05-16 06:25:42,315 - root - INFO -    fbrnn1_0_h2h_weight: (192, 832, 1, 1), 159744, req = write
2023-05-16 06:25:42,315 - root - INFO -    fbrnn1_0_h2h_bias: (192,), 192, req = write
2023-05-16 06:25:42,315 - root - INFO -    fdeconv1_weight: (64, 8, 7, 7), 25088, req = write
2023-05-16 06:25:42,316 - root - INFO -    conv_final_weight: (8, 8, 3, 3), 576, req = write
2023-05-16 06:25:42,316 - root - INFO -    conv_final_bias: (8,), 8, req = write
2023-05-16 06:25:42,316 - root - INFO -    out_weight: (1, 8, 1, 1), 8, req = write
2023-05-16 06:25:42,316 - root - INFO -    out_bias: (1,), 1, req = write
2023-05-16 06:25:42,317 - root - INFO - Aux States: None
2023-05-16 06:25:42,317 - root - INFO - Total Param Num (exclude fixed ones): 6180919
2023-05-16 06:25:42,317 - root - INFO - Total Fixed Param Num: 0
2023-05-16 06:25:42,317 - root - INFO - Total Aux Param Num: 0
2023-05-16 06:25:42,317 - root - INFO - Summary of loss_net
2023-05-16 06:25:42,317 - root - INFO - Data:
2023-05-16 06:25:42,317 - root - INFO -    pred: (20, 4, 1, 480, 480), 18432000
2023-05-16 06:25:42,318 - root - INFO - State: None
2023-05-16 06:25:42,318 - root - INFO - Param: None
2023-05-16 06:25:42,318 - root - INFO - Aux States: None
2023-05-16 06:25:42,318 - root - INFO - Total Param Num (exclude fixed ones): 0
2023-05-16 06:25:42,318 - root - INFO - Total Fixed Param Num: 0
2023-05-16 06:25:42,318 - root - INFO - Total Aux Param Num: 0
2023-05-16 06:25:42,318 - root - INFO - Loading parameters from /home/ubuntu/home/TAASRAD19/deep_learning_nowcasting/pretrained_model, Iter = 99999
2023-05-16 06:25:42,372 - root - INFO - Loading Complete!
2023-05-16 06:29:04,565 - root - INFO - TrajGRU: Initialize Grid Using Zeros!
2023-05-16 06:29:04,566 - root - INFO - TrajGRU: Initialize Grid Using Zeros!
2023-05-16 06:29:04,566 - root - INFO - TrajGRU: Initialize Grid Using Zeros!
2023-05-16 06:29:04,567 - root - INFO - TrajGRU: Initialize Grid Using Zeros!
2023-05-16 06:29:04,567 - root - INFO - TrajGRU: Initialize Grid Using Zeros!
2023-05-16 06:29:04,568 - root - INFO - TrajGRU: Initialize Grid Using Zeros!
2023-05-16 06:29:04,568 - root - INFO - TrajGRU: Initialize Grid Using Zeros!
2023-05-16 06:29:04,569 - root - INFO - TrajGRU: Initialize Grid Using Zeros!
2023-05-16 06:29:04,569 - root - INFO - TrajGRU: Initialize Grid Using Zeros!
2023-05-16 06:29:05,023 - root - INFO - Summary of encoder_net
2023-05-16 06:29:05,023 - root - INFO - Data:
2023-05-16 06:29:05,023 - root - INFO -    data: (5, 4, 1, 480, 480), 4608000
2023-05-16 06:29:05,023 - root - INFO -    ebrnn1_begin_state_h: (4, 64, 96, 96), 2359296
2023-05-16 06:29:05,023 - root - INFO -    ebrnn2_begin_state_h: (4, 192, 32, 32), 786432
2023-05-16 06:29:05,024 - root - INFO -    ebrnn3_begin_state_h: (4, 192, 16, 16), 196608
2023-05-16 06:29:05,024 - root - INFO - State: None
2023-05-16 06:29:05,024 - root - INFO - Params:
2023-05-16 06:29:05,024 - root - INFO -    econv1_weight: (8, 4, 7, 7), 1568, req = write
2023-05-16 06:29:05,024 - root - INFO -    econv1_bias: (8,), 8, req = write
2023-05-16 06:29:05,025 - root - INFO -    ebrnn1_0_i2h_weight: (192, 8, 3, 3), 13824, req = write
2023-05-16 06:29:05,025 - root - INFO -    ebrnn1_0_i2h_bias: (192,), 192, req = write
2023-05-16 06:29:05,025 - root - INFO -    ebrnn1_0_i2f_conv1_weight: (32, 8, 5, 5), 6400, req = write
2023-05-16 06:29:05,025 - root - INFO -    ebrnn1_0_i2f_conv1_bias: (32,), 32, req = write
2023-05-16 06:29:05,026 - root - INFO -    ebrnn1_0_h2f_conv1_weight: (32, 64, 5, 5), 51200, req = write
2023-05-16 06:29:05,026 - root - INFO -    ebrnn1_0_h2f_conv1_bias: (32,), 32, req = write
2023-05-16 06:29:05,026 - root - INFO -    ebrnn1_0_f_out_weight: (26, 32, 5, 5), 20800, req = write
2023-05-16 06:29:05,027 - root - INFO -    ebrnn1_0_f_out_bias: (26,), 26, req = write
2023-05-16 06:29:05,027 - root - INFO -    ebrnn1_0_h2h_weight: (192, 832, 1, 1), 159744, req = write
2023-05-16 06:29:05,027 - root - INFO -    ebrnn1_0_h2h_bias: (192,), 192, req = write
2023-05-16 06:29:05,027 - root - INFO -    edown1_conv_weight: (192, 64, 5, 5), 307200, req = write
2023-05-16 06:29:05,028 - root - INFO -    edown1_conv_bias: (192,), 192, req = write
2023-05-16 06:29:05,028 - root - INFO -    ebrnn2_0_i2h_weight: (576, 192, 3, 3), 995328, req = write
2023-05-16 06:29:05,028 - root - INFO -    ebrnn2_0_i2h_bias: (576,), 576, req = write
2023-05-16 06:29:05,028 - root - INFO -    ebrnn2_0_i2f_conv1_weight: (32, 192, 5, 5), 153600, req = write
2023-05-16 06:29:05,029 - root - INFO -    ebrnn2_0_i2f_conv1_bias: (32,), 32, req = write
2023-05-16 06:29:05,029 - root - INFO -    ebrnn2_0_h2f_conv1_weight: (32, 192, 5, 5), 153600, req = write
2023-05-16 06:29:05,029 - root - INFO -    ebrnn2_0_h2f_conv1_bias: (32,), 32, req = write
2023-05-16 06:29:05,029 - root - INFO -    ebrnn2_0_f_out_weight: (26, 32, 5, 5), 20800, req = write
2023-05-16 06:29:05,030 - root - INFO -    ebrnn2_0_f_out_bias: (26,), 26, req = write
2023-05-16 06:29:05,030 - root - INFO -    ebrnn2_0_h2h_weight: (576, 2496, 1, 1), 1437696, req = write
2023-05-16 06:29:05,030 - root - INFO -    ebrnn2_0_h2h_bias: (576,), 576, req = write
2023-05-16 06:29:05,031 - root - INFO -    edown2_conv_weight: (192, 192, 3, 3), 331776, req = write
2023-05-16 06:29:05,031 - root - INFO -    edown2_conv_bias: (192,), 192, req = write
2023-05-16 06:29:05,031 - root - INFO -    ebrnn3_0_i2h_weight: (576, 192, 3, 3), 995328, req = write
2023-05-16 06:29:05,031 - root - INFO -    ebrnn3_0_i2h_bias: (576,), 576, req = write
2023-05-16 06:29:05,032 - root - INFO -    ebrnn3_0_i2f_conv1_weight: (32, 192, 5, 5), 153600, req = write
2023-05-16 06:29:05,032 - root - INFO -    ebrnn3_0_i2f_conv1_bias: (32,), 32, req = write
2023-05-16 06:29:05,032 - root - INFO -    ebrnn3_0_h2f_conv1_weight: (32, 192, 5, 5), 153600, req = write
2023-05-16 06:29:05,032 - root - INFO -    ebrnn3_0_h2f_conv1_bias: (32,), 32, req = write
2023-05-16 06:29:05,033 - root - INFO -    ebrnn3_0_f_out_weight: (18, 32, 5, 5), 14400, req = write
2023-05-16 06:29:05,033 - root - INFO -    ebrnn3_0_f_out_bias: (18,), 18, req = write
2023-05-16 06:29:05,033 - root - INFO -    ebrnn3_0_h2h_weight: (576, 1728, 1, 1), 995328, req = write
2023-05-16 06:29:05,034 - root - INFO -    ebrnn3_0_h2h_bias: (576,), 576, req = write
2023-05-16 06:29:05,034 - root - INFO - Aux States: None
2023-05-16 06:29:05,034 - root - INFO - Total Param Num (exclude fixed ones): 5969134
2023-05-16 06:29:05,034 - root - INFO - Total Fixed Param Num: 0
2023-05-16 06:29:05,034 - root - INFO - Total Aux Param Num: 0
2023-05-16 06:29:05,034 - root - INFO - Summary of forecaster_net
2023-05-16 06:29:05,035 - root - INFO - Data:
2023-05-16 06:29:05,035 - root - INFO -    fbrnn1_begin_state_h: (4, 64, 96, 96), 2359296
2023-05-16 06:29:05,035 - root - INFO -    fbrnn2_begin_state_h: (4, 192, 32, 32), 786432
2023-05-16 06:29:05,035 - root - INFO -    fbrnn3_begin_state_h: (4, 192, 16, 16), 196608
2023-05-16 06:29:05,035 - root - INFO - State: None
2023-05-16 06:29:05,035 - root - INFO - Params:
2023-05-16 06:29:05,035 - root - INFO -    fbrnn3_0_h2f_conv1_weight: (32, 192, 5, 5), 153600, req = write
2023-05-16 06:29:05,036 - root - INFO -    fbrnn3_0_h2f_conv1_bias: (32,), 32, req = write
2023-05-16 06:29:05,036 - root - INFO -    fbrnn3_0_f_out_weight: (18, 32, 5, 5), 14400, req = write
2023-05-16 06:29:05,036 - root - INFO -    fbrnn3_0_f_out_bias: (18,), 18, req = write
2023-05-16 06:29:05,036 - root - INFO -    fbrnn3_0_h2h_weight: (576, 1728, 1, 1), 995328, req = write
2023-05-16 06:29:05,037 - root - INFO -    fbrnn3_0_h2h_bias: (576,), 576, req = write
2023-05-16 06:29:05,037 - root - INFO -    fup2_deconv_weight: (192, 192, 4, 4), 589824, req = write
2023-05-16 06:29:05,037 - root - INFO -    fbrnn2_0_i2h_weight: (576, 192, 3, 3), 995328, req = write
2023-05-16 06:29:05,038 - root - INFO -    fbrnn2_0_i2h_bias: (576,), 576, req = write
2023-05-16 06:29:05,038 - root - INFO -    fbrnn2_0_i2f_conv1_weight: (32, 192, 5, 5), 153600, req = write
2023-05-16 06:29:05,038 - root - INFO -    fbrnn2_0_i2f_conv1_bias: (32,), 32, req = write
2023-05-16 06:29:05,038 - root - INFO -    fbrnn2_0_h2f_conv1_weight: (32, 192, 5, 5), 153600, req = write
2023-05-16 06:29:05,039 - root - INFO -    fbrnn2_0_h2f_conv1_bias: (32,), 32, req = write
2023-05-16 06:29:05,039 - root - INFO -    fbrnn2_0_f_out_weight: (26, 32, 5, 5), 20800, req = write
2023-05-16 06:29:05,039 - root - INFO -    fbrnn2_0_f_out_bias: (26,), 26, req = write
2023-05-16 06:29:05,039 - root - INFO -    fbrnn2_0_h2h_weight: (576, 2496, 1, 1), 1437696, req = write
2023-05-16 06:29:05,040 - root - INFO -    fbrnn2_0_h2h_bias: (576,), 576, req = write
2023-05-16 06:29:05,040 - root - INFO -    fup1_deconv_weight: (192, 192, 5, 5), 921600, req = write
2023-05-16 06:29:05,040 - root - INFO -    fbrnn1_0_i2h_weight: (192, 192, 3, 3), 331776, req = write
2023-05-16 06:29:05,041 - root - INFO -    fbrnn1_0_i2h_bias: (192,), 192, req = write
2023-05-16 06:29:05,041 - root - INFO -    fbrnn1_0_i2f_conv1_weight: (32, 192, 5, 5), 153600, req = write
2023-05-16 06:29:05,041 - root - INFO -    fbrnn1_0_i2f_conv1_bias: (32,), 32, req = write
2023-05-16 06:29:05,041 - root - INFO -    fbrnn1_0_h2f_conv1_weight: (32, 64, 5, 5), 51200, req = write
2023-05-16 06:29:05,042 - root - INFO -    fbrnn1_0_h2f_conv1_bias: (32,), 32, req = write
2023-05-16 06:29:05,042 - root - INFO -    fbrnn1_0_f_out_weight: (26, 32, 5, 5), 20800, req = write
2023-05-16 06:29:05,042 - root - INFO -    fbrnn1_0_f_out_bias: (26,), 26, req = write
2023-05-16 06:29:05,043 - root - INFO -    fbrnn1_0_h2h_weight: (192, 832, 1, 1), 159744, req = write
2023-05-16 06:29:05,043 - root - INFO -    fbrnn1_0_h2h_bias: (192,), 192, req = write
2023-05-16 06:29:05,043 - root - INFO -    fdeconv1_weight: (64, 8, 7, 7), 25088, req = write
2023-05-16 06:29:05,043 - root - INFO -    conv_final_weight: (8, 8, 3, 3), 576, req = write
2023-05-16 06:29:05,044 - root - INFO -    conv_final_bias: (8,), 8, req = write
2023-05-16 06:29:05,044 - root - INFO -    out_weight: (1, 8, 1, 1), 8, req = write
2023-05-16 06:29:05,044 - root - INFO -    out_bias: (1,), 1, req = write
2023-05-16 06:29:05,044 - root - INFO - Aux States: None
2023-05-16 06:29:05,045 - root - INFO - Total Param Num (exclude fixed ones): 6180919
2023-05-16 06:29:05,045 - root - INFO - Total Fixed Param Num: 0
2023-05-16 06:29:05,045 - root - INFO - Total Aux Param Num: 0
2023-05-16 06:29:05,045 - root - INFO - Summary of loss_net
2023-05-16 06:29:05,045 - root - INFO - Data:
2023-05-16 06:29:05,045 - root - INFO -    pred: (20, 4, 1, 480, 480), 18432000
2023-05-16 06:29:05,045 - root - INFO - State: None
2023-05-16 06:29:05,046 - root - INFO - Param: None
2023-05-16 06:29:05,046 - root - INFO - Aux States: None
2023-05-16 06:29:05,046 - root - INFO - Total Param Num (exclude fixed ones): 0
2023-05-16 06:29:05,046 - root - INFO - Total Fixed Param Num: 0
2023-05-16 06:29:05,046 - root - INFO - Total Aux Param Num: 0
2023-05-16 06:29:05,047 - root - INFO - Loading parameters from /home/ubuntu/home/TAASRAD19/deep_learning_nowcasting/pretrained_model, Iter = 99999
2023-05-16 06:29:05,100 - root - INFO - Loading Complete!
2023-05-16 06:35:48,834 - root - INFO - TrajGRU: Initialize Grid Using Zeros!
2023-05-16 06:35:48,834 - root - INFO - TrajGRU: Initialize Grid Using Zeros!
2023-05-16 06:35:48,835 - root - INFO - TrajGRU: Initialize Grid Using Zeros!
2023-05-16 06:35:48,836 - root - INFO - TrajGRU: Initialize Grid Using Zeros!
2023-05-16 06:35:48,836 - root - INFO - TrajGRU: Initialize Grid Using Zeros!
2023-05-16 06:35:48,836 - root - INFO - TrajGRU: Initialize Grid Using Zeros!
2023-05-16 06:35:48,837 - root - INFO - TrajGRU: Initialize Grid Using Zeros!
2023-05-16 06:35:48,837 - root - INFO - TrajGRU: Initialize Grid Using Zeros!
2023-05-16 06:35:48,838 - root - INFO - TrajGRU: Initialize Grid Using Zeros!
2023-05-16 06:36:00,414 - root - INFO - TrajGRU: Initialize Grid Using Zeros!
2023-05-16 06:36:00,414 - root - INFO - TrajGRU: Initialize Grid Using Zeros!
2023-05-16 06:36:00,415 - root - INFO - TrajGRU: Initialize Grid Using Zeros!
2023-05-16 06:36:00,415 - root - INFO - TrajGRU: Initialize Grid Using Zeros!
2023-05-16 06:36:00,416 - root - INFO - TrajGRU: Initialize Grid Using Zeros!
2023-05-16 06:36:00,416 - root - INFO - TrajGRU: Initialize Grid Using Zeros!
2023-05-16 06:36:00,416 - root - INFO - TrajGRU: Initialize Grid Using Zeros!
2023-05-16 06:36:00,417 - root - INFO - TrajGRU: Initialize Grid Using Zeros!
2023-05-16 06:36:00,417 - root - INFO - TrajGRU: Initialize Grid Using Zeros!
2023-05-16 06:36:00,960 - root - INFO - Summary of encoder_net
2023-05-16 06:36:00,960 - root - INFO - Data:
2023-05-16 06:36:00,961 - root - INFO -    data: (5, 4, 1, 480, 480), 4608000
2023-05-16 06:36:00,961 - root - INFO -    ebrnn1_begin_state_h: (4, 64, 96, 96), 2359296
2023-05-16 06:36:00,961 - root - INFO -    ebrnn2_begin_state_h: (4, 192, 32, 32), 786432
2023-05-16 06:36:00,961 - root - INFO -    ebrnn3_begin_state_h: (4, 192, 16, 16), 196608
2023-05-16 06:36:00,961 - root - INFO - State: None
2023-05-16 06:36:00,962 - root - INFO - Params:
2023-05-16 06:36:00,962 - root - INFO -    econv1_weight: (8, 4, 7, 7), 1568, req = write
2023-05-16 06:36:00,962 - root - INFO -    econv1_bias: (8,), 8, req = write
2023-05-16 06:36:00,962 - root - INFO -    ebrnn1_0_i2h_weight: (192, 8, 3, 3), 13824, req = write
2023-05-16 06:36:00,962 - root - INFO -    ebrnn1_0_i2h_bias: (192,), 192, req = write
2023-05-16 06:36:00,963 - root - INFO -    ebrnn1_0_i2f_conv1_weight: (32, 8, 5, 5), 6400, req = write
2023-05-16 06:36:00,963 - root - INFO -    ebrnn1_0_i2f_conv1_bias: (32,), 32, req = write
2023-05-16 06:36:00,963 - root - INFO -    ebrnn1_0_h2f_conv1_weight: (32, 64, 5, 5), 51200, req = write
2023-05-16 06:36:00,963 - root - INFO -    ebrnn1_0_h2f_conv1_bias: (32,), 32, req = write
2023-05-16 06:36:00,964 - root - INFO -    ebrnn1_0_f_out_weight: (26, 32, 5, 5), 20800, req = write
2023-05-16 06:36:00,964 - root - INFO -    ebrnn1_0_f_out_bias: (26,), 26, req = write
2023-05-16 06:36:00,964 - root - INFO -    ebrnn1_0_h2h_weight: (192, 832, 1, 1), 159744, req = write
2023-05-16 06:36:00,964 - root - INFO -    ebrnn1_0_h2h_bias: (192,), 192, req = write
2023-05-16 06:36:00,965 - root - INFO -    edown1_conv_weight: (192, 64, 5, 5), 307200, req = write
2023-05-16 06:36:00,965 - root - INFO -    edown1_conv_bias: (192,), 192, req = write
2023-05-16 06:36:00,965 - root - INFO -    ebrnn2_0_i2h_weight: (576, 192, 3, 3), 995328, req = write
2023-05-16 06:36:00,965 - root - INFO -    ebrnn2_0_i2h_bias: (576,), 576, req = write
2023-05-16 06:36:00,966 - root - INFO -    ebrnn2_0_i2f_conv1_weight: (32, 192, 5, 5), 153600, req = write
2023-05-16 06:36:00,966 - root - INFO -    ebrnn2_0_i2f_conv1_bias: (32,), 32, req = write
2023-05-16 06:36:00,966 - root - INFO -    ebrnn2_0_h2f_conv1_weight: (32, 192, 5, 5), 153600, req = write
2023-05-16 06:36:00,966 - root - INFO -    ebrnn2_0_h2f_conv1_bias: (32,), 32, req = write
2023-05-16 06:36:00,967 - root - INFO -    ebrnn2_0_f_out_weight: (26, 32, 5, 5), 20800, req = write
2023-05-16 06:36:00,967 - root - INFO -    ebrnn2_0_f_out_bias: (26,), 26, req = write
2023-05-16 06:36:00,967 - root - INFO -    ebrnn2_0_h2h_weight: (576, 2496, 1, 1), 1437696, req = write
2023-05-16 06:36:00,967 - root - INFO -    ebrnn2_0_h2h_bias: (576,), 576, req = write
2023-05-16 06:36:00,968 - root - INFO -    edown2_conv_weight: (192, 192, 3, 3), 331776, req = write
2023-05-16 06:36:00,968 - root - INFO -    edown2_conv_bias: (192,), 192, req = write
2023-05-16 06:36:00,968 - root - INFO -    ebrnn3_0_i2h_weight: (576, 192, 3, 3), 995328, req = write
2023-05-16 06:36:00,968 - root - INFO -    ebrnn3_0_i2h_bias: (576,), 576, req = write
2023-05-16 06:36:00,968 - root - INFO -    ebrnn3_0_i2f_conv1_weight: (32, 192, 5, 5), 153600, req = write
2023-05-16 06:36:00,969 - root - INFO -    ebrnn3_0_i2f_conv1_bias: (32,), 32, req = write
2023-05-16 06:36:00,969 - root - INFO -    ebrnn3_0_h2f_conv1_weight: (32, 192, 5, 5), 153600, req = write
2023-05-16 06:36:00,969 - root - INFO -    ebrnn3_0_h2f_conv1_bias: (32,), 32, req = write
2023-05-16 06:36:00,969 - root - INFO -    ebrnn3_0_f_out_weight: (18, 32, 5, 5), 14400, req = write
2023-05-16 06:36:00,970 - root - INFO -    ebrnn3_0_f_out_bias: (18,), 18, req = write
2023-05-16 06:36:00,970 - root - INFO -    ebrnn3_0_h2h_weight: (576, 1728, 1, 1), 995328, req = write
2023-05-16 06:36:00,970 - root - INFO -    ebrnn3_0_h2h_bias: (576,), 576, req = write
2023-05-16 06:36:00,970 - root - INFO - Aux States: None
2023-05-16 06:36:00,971 - root - INFO - Total Param Num (exclude fixed ones): 5969134
2023-05-16 06:36:00,971 - root - INFO - Total Fixed Param Num: 0
2023-05-16 06:36:00,971 - root - INFO - Total Aux Param Num: 0
2023-05-16 06:36:00,971 - root - INFO - Summary of forecaster_net
2023-05-16 06:36:00,971 - root - INFO - Data:
2023-05-16 06:36:00,971 - root - INFO -    fbrnn1_begin_state_h: (4, 64, 96, 96), 2359296
2023-05-16 06:36:00,971 - root - INFO -    fbrnn2_begin_state_h: (4, 192, 32, 32), 786432
2023-05-16 06:36:00,972 - root - INFO -    fbrnn3_begin_state_h: (4, 192, 16, 16), 196608
2023-05-16 06:36:00,972 - root - INFO - State: None
2023-05-16 06:36:00,972 - root - INFO - Params:
2023-05-16 06:36:00,972 - root - INFO -    fbrnn3_0_h2f_conv1_weight: (32, 192, 5, 5), 153600, req = write
2023-05-16 06:36:00,972 - root - INFO -    fbrnn3_0_h2f_conv1_bias: (32,), 32, req = write
2023-05-16 06:36:00,973 - root - INFO -    fbrnn3_0_f_out_weight: (18, 32, 5, 5), 14400, req = write
2023-05-16 06:36:00,973 - root - INFO -    fbrnn3_0_f_out_bias: (18,), 18, req = write
2023-05-16 06:36:00,973 - root - INFO -    fbrnn3_0_h2h_weight: (576, 1728, 1, 1), 995328, req = write
2023-05-16 06:36:00,973 - root - INFO -    fbrnn3_0_h2h_bias: (576,), 576, req = write
2023-05-16 06:36:00,974 - root - INFO -    fup2_deconv_weight: (192, 192, 4, 4), 589824, req = write
2023-05-16 06:36:00,974 - root - INFO -    fbrnn2_0_i2h_weight: (576, 192, 3, 3), 995328, req = write
2023-05-16 06:36:00,974 - root - INFO -    fbrnn2_0_i2h_bias: (576,), 576, req = write
2023-05-16 06:36:00,974 - root - INFO -    fbrnn2_0_i2f_conv1_weight: (32, 192, 5, 5), 153600, req = write
2023-05-16 06:36:00,975 - root - INFO -    fbrnn2_0_i2f_conv1_bias: (32,), 32, req = write
2023-05-16 06:36:00,975 - root - INFO -    fbrnn2_0_h2f_conv1_weight: (32, 192, 5, 5), 153600, req = write
2023-05-16 06:36:00,975 - root - INFO -    fbrnn2_0_h2f_conv1_bias: (32,), 32, req = write
2023-05-16 06:36:00,975 - root - INFO -    fbrnn2_0_f_out_weight: (26, 32, 5, 5), 20800, req = write
2023-05-16 06:36:00,976 - root - INFO -    fbrnn2_0_f_out_bias: (26,), 26, req = write
2023-05-16 06:36:00,976 - root - INFO -    fbrnn2_0_h2h_weight: (576, 2496, 1, 1), 1437696, req = write
2023-05-16 06:36:00,976 - root - INFO -    fbrnn2_0_h2h_bias: (576,), 576, req = write
2023-05-16 06:36:00,976 - root - INFO -    fup1_deconv_weight: (192, 192, 5, 5), 921600, req = write
2023-05-16 06:36:00,976 - root - INFO -    fbrnn1_0_i2h_weight: (192, 192, 3, 3), 331776, req = write
2023-05-16 06:36:00,977 - root - INFO -    fbrnn1_0_i2h_bias: (192,), 192, req = write
2023-05-16 06:36:00,977 - root - INFO -    fbrnn1_0_i2f_conv1_weight: (32, 192, 5, 5), 153600, req = write
2023-05-16 06:36:00,977 - root - INFO -    fbrnn1_0_i2f_conv1_bias: (32,), 32, req = write
2023-05-16 06:36:00,977 - root - INFO -    fbrnn1_0_h2f_conv1_weight: (32, 64, 5, 5), 51200, req = write
2023-05-16 06:36:00,978 - root - INFO -    fbrnn1_0_h2f_conv1_bias: (32,), 32, req = write
2023-05-16 06:36:00,978 - root - INFO -    fbrnn1_0_f_out_weight: (26, 32, 5, 5), 20800, req = write
2023-05-16 06:36:00,978 - root - INFO -    fbrnn1_0_f_out_bias: (26,), 26, req = write
2023-05-16 06:36:00,978 - root - INFO -    fbrnn1_0_h2h_weight: (192, 832, 1, 1), 159744, req = write
2023-05-16 06:36:00,979 - root - INFO -    fbrnn1_0_h2h_bias: (192,), 192, req = write
2023-05-16 06:36:00,979 - root - INFO -    fdeconv1_weight: (64, 8, 7, 7), 25088, req = write
2023-05-16 06:36:00,979 - root - INFO -    conv_final_weight: (8, 8, 3, 3), 576, req = write
2023-05-16 06:36:00,979 - root - INFO -    conv_final_bias: (8,), 8, req = write
2023-05-16 06:36:00,980 - root - INFO -    out_weight: (1, 8, 1, 1), 8, req = write
2023-05-16 06:36:00,980 - root - INFO -    out_bias: (1,), 1, req = write
2023-05-16 06:36:00,980 - root - INFO - Aux States: None
2023-05-16 06:36:00,980 - root - INFO - Total Param Num (exclude fixed ones): 6180919
2023-05-16 06:36:00,980 - root - INFO - Total Fixed Param Num: 0
2023-05-16 06:36:00,980 - root - INFO - Total Aux Param Num: 0
2023-05-16 06:36:00,981 - root - INFO - Summary of loss_net
2023-05-16 06:36:00,981 - root - INFO - Data:
2023-05-16 06:36:00,981 - root - INFO -    pred: (20, 4, 1, 480, 480), 18432000
2023-05-16 06:36:00,981 - root - INFO - State: None
2023-05-16 06:36:00,981 - root - INFO - Param: None
2023-05-16 06:36:00,981 - root - INFO - Aux States: None
2023-05-16 06:36:00,981 - root - INFO - Total Param Num (exclude fixed ones): 0
2023-05-16 06:36:00,981 - root - INFO - Total Fixed Param Num: 0
2023-05-16 06:36:00,982 - root - INFO - Total Aux Param Num: 0
2023-05-16 06:36:00,982 - root - INFO - Loading parameters from /home/ubuntu/home/TAASRAD19/deep_learning_nowcasting/pretrained_model, Iter = 99999
2023-05-16 06:36:01,065 - root - INFO - Loading Complete!
2023-05-16 06:37:17,171 - root - INFO - TrajGRU: Initialize Grid Using Zeros!
2023-05-16 06:37:17,171 - root - INFO - TrajGRU: Initialize Grid Using Zeros!
2023-05-16 06:37:17,172 - root - INFO - TrajGRU: Initialize Grid Using Zeros!
2023-05-16 06:37:17,172 - root - INFO - TrajGRU: Initialize Grid Using Zeros!
2023-05-16 06:37:17,173 - root - INFO - TrajGRU: Initialize Grid Using Zeros!
2023-05-16 06:37:17,173 - root - INFO - TrajGRU: Initialize Grid Using Zeros!
2023-05-16 06:37:17,174 - root - INFO - TrajGRU: Initialize Grid Using Zeros!
2023-05-16 06:37:17,174 - root - INFO - TrajGRU: Initialize Grid Using Zeros!
2023-05-16 06:37:17,175 - root - INFO - TrajGRU: Initialize Grid Using Zeros!
2023-05-16 06:37:17,705 - root - INFO - Summary of encoder_net
2023-05-16 06:37:17,705 - root - INFO - Data:
2023-05-16 06:37:17,705 - root - INFO -    data: (5, 4, 1, 480, 480), 4608000
2023-05-16 06:37:17,706 - root - INFO -    ebrnn1_begin_state_h: (4, 64, 96, 96), 2359296
2023-05-16 06:37:17,706 - root - INFO -    ebrnn2_begin_state_h: (4, 192, 32, 32), 786432
2023-05-16 06:37:17,706 - root - INFO -    ebrnn3_begin_state_h: (4, 192, 16, 16), 196608
2023-05-16 06:37:17,706 - root - INFO - State: None
2023-05-16 06:37:17,706 - root - INFO - Params:
2023-05-16 06:37:17,706 - root - INFO -    econv1_weight: (8, 4, 7, 7), 1568, req = write
2023-05-16 06:37:17,707 - root - INFO -    econv1_bias: (8,), 8, req = write
2023-05-16 06:37:17,707 - root - INFO -    ebrnn1_0_i2h_weight: (192, 8, 3, 3), 13824, req = write
2023-05-16 06:37:17,707 - root - INFO -    ebrnn1_0_i2h_bias: (192,), 192, req = write
2023-05-16 06:37:17,707 - root - INFO -    ebrnn1_0_i2f_conv1_weight: (32, 8, 5, 5), 6400, req = write
2023-05-16 06:37:17,708 - root - INFO -    ebrnn1_0_i2f_conv1_bias: (32,), 32, req = write
2023-05-16 06:37:17,708 - root - INFO -    ebrnn1_0_h2f_conv1_weight: (32, 64, 5, 5), 51200, req = write
2023-05-16 06:37:17,708 - root - INFO -    ebrnn1_0_h2f_conv1_bias: (32,), 32, req = write
2023-05-16 06:37:17,708 - root - INFO -    ebrnn1_0_f_out_weight: (26, 32, 5, 5), 20800, req = write
2023-05-16 06:37:17,709 - root - INFO -    ebrnn1_0_f_out_bias: (26,), 26, req = write
2023-05-16 06:37:17,709 - root - INFO -    ebrnn1_0_h2h_weight: (192, 832, 1, 1), 159744, req = write
2023-05-16 06:37:17,709 - root - INFO -    ebrnn1_0_h2h_bias: (192,), 192, req = write
2023-05-16 06:37:17,709 - root - INFO -    edown1_conv_weight: (192, 64, 5, 5), 307200, req = write
2023-05-16 06:37:17,710 - root - INFO -    edown1_conv_bias: (192,), 192, req = write
2023-05-16 06:37:17,710 - root - INFO -    ebrnn2_0_i2h_weight: (576, 192, 3, 3), 995328, req = write
2023-05-16 06:37:17,710 - root - INFO -    ebrnn2_0_i2h_bias: (576,), 576, req = write
2023-05-16 06:37:17,710 - root - INFO -    ebrnn2_0_i2f_conv1_weight: (32, 192, 5, 5), 153600, req = write
2023-05-16 06:37:17,711 - root - INFO -    ebrnn2_0_i2f_conv1_bias: (32,), 32, req = write
2023-05-16 06:37:17,711 - root - INFO -    ebrnn2_0_h2f_conv1_weight: (32, 192, 5, 5), 153600, req = write
2023-05-16 06:37:17,711 - root - INFO -    ebrnn2_0_h2f_conv1_bias: (32,), 32, req = write
2023-05-16 06:37:17,711 - root - INFO -    ebrnn2_0_f_out_weight: (26, 32, 5, 5), 20800, req = write
2023-05-16 06:37:17,711 - root - INFO -    ebrnn2_0_f_out_bias: (26,), 26, req = write
2023-05-16 06:37:17,712 - root - INFO -    ebrnn2_0_h2h_weight: (576, 2496, 1, 1), 1437696, req = write
2023-05-16 06:37:17,712 - root - INFO -    ebrnn2_0_h2h_bias: (576,), 576, req = write
2023-05-16 06:37:17,712 - root - INFO -    edown2_conv_weight: (192, 192, 3, 3), 331776, req = write
2023-05-16 06:37:17,712 - root - INFO -    edown2_conv_bias: (192,), 192, req = write
2023-05-16 06:37:17,713 - root - INFO -    ebrnn3_0_i2h_weight: (576, 192, 3, 3), 995328, req = write
2023-05-16 06:37:17,713 - root - INFO -    ebrnn3_0_i2h_bias: (576,), 576, req = write
2023-05-16 06:37:17,713 - root - INFO -    ebrnn3_0_i2f_conv1_weight: (32, 192, 5, 5), 153600, req = write
2023-05-16 06:37:17,713 - root - INFO -    ebrnn3_0_i2f_conv1_bias: (32,), 32, req = write
2023-05-16 06:37:17,714 - root - INFO -    ebrnn3_0_h2f_conv1_weight: (32, 192, 5, 5), 153600, req = write
2023-05-16 06:37:17,714 - root - INFO -    ebrnn3_0_h2f_conv1_bias: (32,), 32, req = write
2023-05-16 06:37:17,714 - root - INFO -    ebrnn3_0_f_out_weight: (18, 32, 5, 5), 14400, req = write
2023-05-16 06:37:17,714 - root - INFO -    ebrnn3_0_f_out_bias: (18,), 18, req = write
2023-05-16 06:37:17,715 - root - INFO -    ebrnn3_0_h2h_weight: (576, 1728, 1, 1), 995328, req = write
2023-05-16 06:37:17,715 - root - INFO -    ebrnn3_0_h2h_bias: (576,), 576, req = write
2023-05-16 06:37:17,715 - root - INFO - Aux States: None
2023-05-16 06:37:17,715 - root - INFO - Total Param Num (exclude fixed ones): 5969134
2023-05-16 06:37:17,715 - root - INFO - Total Fixed Param Num: 0
2023-05-16 06:37:17,715 - root - INFO - Total Aux Param Num: 0
2023-05-16 06:37:17,716 - root - INFO - Summary of forecaster_net
2023-05-16 06:37:17,716 - root - INFO - Data:
2023-05-16 06:37:17,716 - root - INFO -    fbrnn1_begin_state_h: (4, 64, 96, 96), 2359296
2023-05-16 06:37:17,716 - root - INFO -    fbrnn2_begin_state_h: (4, 192, 32, 32), 786432
2023-05-16 06:37:17,716 - root - INFO -    fbrnn3_begin_state_h: (4, 192, 16, 16), 196608
2023-05-16 06:37:17,716 - root - INFO - State: None
2023-05-16 06:37:17,717 - root - INFO - Params:
2023-05-16 06:37:17,717 - root - INFO -    fbrnn3_0_h2f_conv1_weight: (32, 192, 5, 5), 153600, req = write
2023-05-16 06:37:17,717 - root - INFO -    fbrnn3_0_h2f_conv1_bias: (32,), 32, req = write
2023-05-16 06:37:17,717 - root - INFO -    fbrnn3_0_f_out_weight: (18, 32, 5, 5), 14400, req = write
2023-05-16 06:37:17,717 - root - INFO -    fbrnn3_0_f_out_bias: (18,), 18, req = write
2023-05-16 06:37:17,718 - root - INFO -    fbrnn3_0_h2h_weight: (576, 1728, 1, 1), 995328, req = write
2023-05-16 06:37:17,718 - root - INFO -    fbrnn3_0_h2h_bias: (576,), 576, req = write
2023-05-16 06:37:17,718 - root - INFO -    fup2_deconv_weight: (192, 192, 4, 4), 589824, req = write
2023-05-16 06:37:17,718 - root - INFO -    fbrnn2_0_i2h_weight: (576, 192, 3, 3), 995328, req = write
2023-05-16 06:37:17,719 - root - INFO -    fbrnn2_0_i2h_bias: (576,), 576, req = write
2023-05-16 06:37:17,719 - root - INFO -    fbrnn2_0_i2f_conv1_weight: (32, 192, 5, 5), 153600, req = write
2023-05-16 06:37:17,719 - root - INFO -    fbrnn2_0_i2f_conv1_bias: (32,), 32, req = write
2023-05-16 06:37:17,719 - root - INFO -    fbrnn2_0_h2f_conv1_weight: (32, 192, 5, 5), 153600, req = write
2023-05-16 06:37:17,720 - root - INFO -    fbrnn2_0_h2f_conv1_bias: (32,), 32, req = write
2023-05-16 06:37:17,720 - root - INFO -    fbrnn2_0_f_out_weight: (26, 32, 5, 5), 20800, req = write
2023-05-16 06:37:17,720 - root - INFO -    fbrnn2_0_f_out_bias: (26,), 26, req = write
2023-05-16 06:37:17,720 - root - INFO -    fbrnn2_0_h2h_weight: (576, 2496, 1, 1), 1437696, req = write
2023-05-16 06:37:17,721 - root - INFO -    fbrnn2_0_h2h_bias: (576,), 576, req = write
2023-05-16 06:37:17,721 - root - INFO -    fup1_deconv_weight: (192, 192, 5, 5), 921600, req = write
2023-05-16 06:37:17,721 - root - INFO -    fbrnn1_0_i2h_weight: (192, 192, 3, 3), 331776, req = write
2023-05-16 06:37:17,721 - root - INFO -    fbrnn1_0_i2h_bias: (192,), 192, req = write
2023-05-16 06:37:17,721 - root - INFO -    fbrnn1_0_i2f_conv1_weight: (32, 192, 5, 5), 153600, req = write
2023-05-16 06:37:17,722 - root - INFO -    fbrnn1_0_i2f_conv1_bias: (32,), 32, req = write
2023-05-16 06:37:17,722 - root - INFO -    fbrnn1_0_h2f_conv1_weight: (32, 64, 5, 5), 51200, req = write
2023-05-16 06:37:17,722 - root - INFO -    fbrnn1_0_h2f_conv1_bias: (32,), 32, req = write
2023-05-16 06:37:17,722 - root - INFO -    fbrnn1_0_f_out_weight: (26, 32, 5, 5), 20800, req = write
2023-05-16 06:37:17,723 - root - INFO -    fbrnn1_0_f_out_bias: (26,), 26, req = write
2023-05-16 06:37:17,723 - root - INFO -    fbrnn1_0_h2h_weight: (192, 832, 1, 1), 159744, req = write
2023-05-16 06:37:17,723 - root - INFO -    fbrnn1_0_h2h_bias: (192,), 192, req = write
2023-05-16 06:37:17,723 - root - INFO -    fdeconv1_weight: (64, 8, 7, 7), 25088, req = write
2023-05-16 06:37:17,724 - root - INFO -    conv_final_weight: (8, 8, 3, 3), 576, req = write
2023-05-16 06:37:17,724 - root - INFO -    conv_final_bias: (8,), 8, req = write
2023-05-16 06:37:17,724 - root - INFO -    out_weight: (1, 8, 1, 1), 8, req = write
2023-05-16 06:37:17,724 - root - INFO -    out_bias: (1,), 1, req = write
2023-05-16 06:37:17,724 - root - INFO - Aux States: None
2023-05-16 06:37:17,725 - root - INFO - Total Param Num (exclude fixed ones): 6180919
2023-05-16 06:37:17,725 - root - INFO - Total Fixed Param Num: 0
2023-05-16 06:37:17,725 - root - INFO - Total Aux Param Num: 0
2023-05-16 06:37:17,725 - root - INFO - Summary of loss_net
2023-05-16 06:37:17,725 - root - INFO - Data:
2023-05-16 06:37:17,725 - root - INFO -    pred: (20, 4, 1, 480, 480), 18432000
2023-05-16 06:37:17,726 - root - INFO - State: None
2023-05-16 06:37:17,726 - root - INFO - Param: None
2023-05-16 06:37:17,726 - root - INFO - Aux States: None
2023-05-16 06:37:17,726 - root - INFO - Total Param Num (exclude fixed ones): 0
2023-05-16 06:37:17,726 - root - INFO - Total Fixed Param Num: 0
2023-05-16 06:37:17,726 - root - INFO - Total Aux Param Num: 0
2023-05-16 06:37:17,726 - root - INFO - Loading parameters from /home/ubuntu/home/TAASRAD19/deep_learning_nowcasting/pretrained_model, Iter = 99999
2023-05-16 06:37:17,809 - root - INFO - Loading Complete!
2023-05-16 06:42:58,373 - root - INFO - TrajGRU: Initialize Grid Using Zeros!
2023-05-16 06:42:58,374 - root - INFO - TrajGRU: Initialize Grid Using Zeros!
2023-05-16 06:42:58,374 - root - INFO - TrajGRU: Initialize Grid Using Zeros!
2023-05-16 06:42:58,375 - root - INFO - TrajGRU: Initialize Grid Using Zeros!
2023-05-16 06:42:58,375 - root - INFO - TrajGRU: Initialize Grid Using Zeros!
2023-05-16 06:42:58,376 - root - INFO - TrajGRU: Initialize Grid Using Zeros!
2023-05-16 06:42:58,376 - root - INFO - TrajGRU: Initialize Grid Using Zeros!
2023-05-16 06:42:58,377 - root - INFO - TrajGRU: Initialize Grid Using Zeros!
2023-05-16 06:42:58,377 - root - INFO - TrajGRU: Initialize Grid Using Zeros!
2023-05-16 06:42:58,903 - root - INFO - Summary of encoder_net
2023-05-16 06:42:58,904 - root - INFO - Data:
2023-05-16 06:42:58,904 - root - INFO -    data: (5, 4, 1, 480, 480), 4608000
2023-05-16 06:42:58,904 - root - INFO -    ebrnn1_begin_state_h: (4, 64, 96, 96), 2359296
2023-05-16 06:42:58,904 - root - INFO -    ebrnn2_begin_state_h: (4, 192, 32, 32), 786432
2023-05-16 06:42:58,904 - root - INFO -    ebrnn3_begin_state_h: (4, 192, 16, 16), 196608
2023-05-16 06:42:58,905 - root - INFO - State: None
2023-05-16 06:42:58,905 - root - INFO - Params:
2023-05-16 06:42:58,905 - root - INFO -    econv1_weight: (8, 4, 7, 7), 1568, req = write
2023-05-16 06:42:58,905 - root - INFO -    econv1_bias: (8,), 8, req = write
2023-05-16 06:42:58,905 - root - INFO -    ebrnn1_0_i2h_weight: (192, 8, 3, 3), 13824, req = write
2023-05-16 06:42:58,906 - root - INFO -    ebrnn1_0_i2h_bias: (192,), 192, req = write
2023-05-16 06:42:58,906 - root - INFO -    ebrnn1_0_i2f_conv1_weight: (32, 8, 5, 5), 6400, req = write
2023-05-16 06:42:58,906 - root - INFO -    ebrnn1_0_i2f_conv1_bias: (32,), 32, req = write
2023-05-16 06:42:58,906 - root - INFO -    ebrnn1_0_h2f_conv1_weight: (32, 64, 5, 5), 51200, req = write
2023-05-16 06:42:58,907 - root - INFO -    ebrnn1_0_h2f_conv1_bias: (32,), 32, req = write
2023-05-16 06:42:58,907 - root - INFO -    ebrnn1_0_f_out_weight: (26, 32, 5, 5), 20800, req = write
2023-05-16 06:42:58,907 - root - INFO -    ebrnn1_0_f_out_bias: (26,), 26, req = write
2023-05-16 06:42:58,907 - root - INFO -    ebrnn1_0_h2h_weight: (192, 832, 1, 1), 159744, req = write
2023-05-16 06:42:58,908 - root - INFO -    ebrnn1_0_h2h_bias: (192,), 192, req = write
2023-05-16 06:42:58,908 - root - INFO -    edown1_conv_weight: (192, 64, 5, 5), 307200, req = write
2023-05-16 06:42:58,908 - root - INFO -    edown1_conv_bias: (192,), 192, req = write
2023-05-16 06:42:58,908 - root - INFO -    ebrnn2_0_i2h_weight: (576, 192, 3, 3), 995328, req = write
2023-05-16 06:42:58,909 - root - INFO -    ebrnn2_0_i2h_bias: (576,), 576, req = write
2023-05-16 06:42:58,909 - root - INFO -    ebrnn2_0_i2f_conv1_weight: (32, 192, 5, 5), 153600, req = write
2023-05-16 06:42:58,909 - root - INFO -    ebrnn2_0_i2f_conv1_bias: (32,), 32, req = write
2023-05-16 06:42:58,909 - root - INFO -    ebrnn2_0_h2f_conv1_weight: (32, 192, 5, 5), 153600, req = write
2023-05-16 06:42:58,909 - root - INFO -    ebrnn2_0_h2f_conv1_bias: (32,), 32, req = write
2023-05-16 06:42:58,910 - root - INFO -    ebrnn2_0_f_out_weight: (26, 32, 5, 5), 20800, req = write
2023-05-16 06:42:58,910 - root - INFO -    ebrnn2_0_f_out_bias: (26,), 26, req = write
2023-05-16 06:42:58,910 - root - INFO -    ebrnn2_0_h2h_weight: (576, 2496, 1, 1), 1437696, req = write
2023-05-16 06:42:58,910 - root - INFO -    ebrnn2_0_h2h_bias: (576,), 576, req = write
2023-05-16 06:42:58,911 - root - INFO -    edown2_conv_weight: (192, 192, 3, 3), 331776, req = write
2023-05-16 06:42:58,911 - root - INFO -    edown2_conv_bias: (192,), 192, req = write
2023-05-16 06:42:58,911 - root - INFO -    ebrnn3_0_i2h_weight: (576, 192, 3, 3), 995328, req = write
2023-05-16 06:42:58,911 - root - INFO -    ebrnn3_0_i2h_bias: (576,), 576, req = write
2023-05-16 06:42:58,912 - root - INFO -    ebrnn3_0_i2f_conv1_weight: (32, 192, 5, 5), 153600, req = write
2023-05-16 06:42:58,912 - root - INFO -    ebrnn3_0_i2f_conv1_bias: (32,), 32, req = write
2023-05-16 06:42:58,912 - root - INFO -    ebrnn3_0_h2f_conv1_weight: (32, 192, 5, 5), 153600, req = write
2023-05-16 06:42:58,912 - root - INFO -    ebrnn3_0_h2f_conv1_bias: (32,), 32, req = write
2023-05-16 06:42:58,913 - root - INFO -    ebrnn3_0_f_out_weight: (18, 32, 5, 5), 14400, req = write
2023-05-16 06:42:58,913 - root - INFO -    ebrnn3_0_f_out_bias: (18,), 18, req = write
2023-05-16 06:42:58,913 - root - INFO -    ebrnn3_0_h2h_weight: (576, 1728, 1, 1), 995328, req = write
2023-05-16 06:42:58,913 - root - INFO -    ebrnn3_0_h2h_bias: (576,), 576, req = write
2023-05-16 06:42:58,913 - root - INFO - Aux States: None
2023-05-16 06:42:58,914 - root - INFO - Total Param Num (exclude fixed ones): 5969134
2023-05-16 06:42:58,914 - root - INFO - Total Fixed Param Num: 0
2023-05-16 06:42:58,914 - root - INFO - Total Aux Param Num: 0
2023-05-16 06:42:58,914 - root - INFO - Summary of forecaster_net
2023-05-16 06:42:58,914 - root - INFO - Data:
2023-05-16 06:42:58,914 - root - INFO -    fbrnn1_begin_state_h: (4, 64, 96, 96), 2359296
2023-05-16 06:42:58,915 - root - INFO -    fbrnn2_begin_state_h: (4, 192, 32, 32), 786432
2023-05-16 06:42:58,915 - root - INFO -    fbrnn3_begin_state_h: (4, 192, 16, 16), 196608
2023-05-16 06:42:58,915 - root - INFO - State: None
2023-05-16 06:42:58,915 - root - INFO - Params:
2023-05-16 06:42:58,916 - root - INFO -    fbrnn3_0_h2f_conv1_weight: (32, 192, 5, 5), 153600, req = write
2023-05-16 06:42:58,916 - root - INFO -    fbrnn3_0_h2f_conv1_bias: (32,), 32, req = write
2023-05-16 06:42:58,916 - root - INFO -    fbrnn3_0_f_out_weight: (18, 32, 5, 5), 14400, req = write
2023-05-16 06:42:58,916 - root - INFO -    fbrnn3_0_f_out_bias: (18,), 18, req = write
2023-05-16 06:42:58,916 - root - INFO -    fbrnn3_0_h2h_weight: (576, 1728, 1, 1), 995328, req = write
2023-05-16 06:42:58,917 - root - INFO -    fbrnn3_0_h2h_bias: (576,), 576, req = write
2023-05-16 06:42:58,917 - root - INFO -    fup2_deconv_weight: (192, 192, 4, 4), 589824, req = write
2023-05-16 06:42:58,917 - root - INFO -    fbrnn2_0_i2h_weight: (576, 192, 3, 3), 995328, req = write
2023-05-16 06:42:58,917 - root - INFO -    fbrnn2_0_i2h_bias: (576,), 576, req = write
2023-05-16 06:42:58,918 - root - INFO -    fbrnn2_0_i2f_conv1_weight: (32, 192, 5, 5), 153600, req = write
2023-05-16 06:42:58,918 - root - INFO -    fbrnn2_0_i2f_conv1_bias: (32,), 32, req = write
2023-05-16 06:42:58,918 - root - INFO -    fbrnn2_0_h2f_conv1_weight: (32, 192, 5, 5), 153600, req = write
2023-05-16 06:42:58,918 - root - INFO -    fbrnn2_0_h2f_conv1_bias: (32,), 32, req = write
2023-05-16 06:42:58,919 - root - INFO -    fbrnn2_0_f_out_weight: (26, 32, 5, 5), 20800, req = write
2023-05-16 06:42:58,919 - root - INFO -    fbrnn2_0_f_out_bias: (26,), 26, req = write
2023-05-16 06:42:58,919 - root - INFO -    fbrnn2_0_h2h_weight: (576, 2496, 1, 1), 1437696, req = write
2023-05-16 06:42:58,919 - root - INFO -    fbrnn2_0_h2h_bias: (576,), 576, req = write
2023-05-16 06:42:58,920 - root - INFO -    fup1_deconv_weight: (192, 192, 5, 5), 921600, req = write
2023-05-16 06:42:58,920 - root - INFO -    fbrnn1_0_i2h_weight: (192, 192, 3, 3), 331776, req = write
2023-05-16 06:42:58,920 - root - INFO -    fbrnn1_0_i2h_bias: (192,), 192, req = write
2023-05-16 06:42:58,920 - root - INFO -    fbrnn1_0_i2f_conv1_weight: (32, 192, 5, 5), 153600, req = write
2023-05-16 06:42:58,921 - root - INFO -    fbrnn1_0_i2f_conv1_bias: (32,), 32, req = write
2023-05-16 06:42:58,921 - root - INFO -    fbrnn1_0_h2f_conv1_weight: (32, 64, 5, 5), 51200, req = write
2023-05-16 06:42:58,921 - root - INFO -    fbrnn1_0_h2f_conv1_bias: (32,), 32, req = write
2023-05-16 06:42:58,921 - root - INFO -    fbrnn1_0_f_out_weight: (26, 32, 5, 5), 20800, req = write
2023-05-16 06:42:58,921 - root - INFO -    fbrnn1_0_f_out_bias: (26,), 26, req = write
2023-05-16 06:42:58,922 - root - INFO -    fbrnn1_0_h2h_weight: (192, 832, 1, 1), 159744, req = write
2023-05-16 06:42:58,922 - root - INFO -    fbrnn1_0_h2h_bias: (192,), 192, req = write
2023-05-16 06:42:58,922 - root - INFO -    fdeconv1_weight: (64, 8, 7, 7), 25088, req = write
2023-05-16 06:42:58,922 - root - INFO -    conv_final_weight: (8, 8, 3, 3), 576, req = write
2023-05-16 06:42:58,923 - root - INFO -    conv_final_bias: (8,), 8, req = write
2023-05-16 06:42:58,923 - root - INFO -    out_weight: (1, 8, 1, 1), 8, req = write
2023-05-16 06:42:58,923 - root - INFO -    out_bias: (1,), 1, req = write
2023-05-16 06:42:58,923 - root - INFO - Aux States: None
2023-05-16 06:42:58,923 - root - INFO - Total Param Num (exclude fixed ones): 6180919
2023-05-16 06:42:58,924 - root - INFO - Total Fixed Param Num: 0
2023-05-16 06:42:58,924 - root - INFO - Total Aux Param Num: 0
2023-05-16 06:42:58,924 - root - INFO - Summary of loss_net
2023-05-16 06:42:58,924 - root - INFO - Data:
2023-05-16 06:42:58,924 - root - INFO -    pred: (20, 4, 1, 480, 480), 18432000
2023-05-16 06:42:58,924 - root - INFO - State: None
2023-05-16 06:42:58,924 - root - INFO - Param: None
2023-05-16 06:42:58,925 - root - INFO - Aux States: None
2023-05-16 06:42:58,925 - root - INFO - Total Param Num (exclude fixed ones): 0
2023-05-16 06:42:58,925 - root - INFO - Total Fixed Param Num: 0
2023-05-16 06:42:58,925 - root - INFO - Total Aux Param Num: 0
2023-05-16 06:42:58,925 - root - INFO - Loading parameters from /home/ubuntu/home/TAASRAD19/deep_learning_nowcasting/pretrained_model, Iter = 99999
2023-05-16 06:42:59,006 - root - INFO - Loading Complete!
